  Application.cpp
C:\Users\daser\source\repos\CerealEngine\Cereal-Engine\Mesh.h(82,1): warning C4267: 'argument': conversion from 'size_t' to 'GLsizei', possible loss of data
C:\Users\daser\source\repos\CerealEngine\Cereal-Engine\Movement.h(28,1): warning C4244: '+=': conversion from 'double' to 'T', possible loss of data
          with
          [
              T=float
          ]
C:\Users\daser\source\repos\CerealEngine\Cereal-Engine\Movement.h(32,1): warning C4244: '-=': conversion from 'double' to 'T', possible loss of data
          with
          [
              T=float
          ]
C:\Users\daser\source\repos\CerealEngine\Cereal-Engine\Movement.h(36,1): warning C4244: '-=': conversion from 'double' to 'T', possible loss of data
          with
          [
              T=float
          ]
C:\Users\daser\source\repos\CerealEngine\Cereal-Engine\Movement.h(40,1): warning C4244: '+=': conversion from 'double' to 'T', possible loss of data
          with
          [
              T=float
          ]
C:\Users\daser\source\repos\CerealEngine\Cereal-Engine\Movement.h(45,1): warning C4244: '+=': conversion from 'double' to 'T', possible loss of data
          with
          [
              T=float
          ]
C:\Users\daser\source\repos\CerealEngine\Cereal-Engine\Movement.h(49,1): warning C4244: '-=': conversion from 'double' to 'T', possible loss of data
          with
          [
              T=float
          ]
  Camera.cpp
  ECS.cpp
  Input.cpp
  Loader.cpp
C:\Users\daser\source\repos\CerealEngine\Cereal-Engine\Mesh.h(82,1): warning C4267: 'argument': conversion from 'size_t' to 'GLsizei', possible loss of data
  main.cpp
C:\Users\daser\source\repos\CerealEngine\Cereal-Engine\Mesh.h(82,1): warning C4267: 'argument': conversion from 'size_t' to 'GLsizei', possible loss of data
C:\Users\daser\source\repos\CerealEngine\Cereal-Engine\Movement.h(28,1): warning C4244: '+=': conversion from 'double' to 'T', possible loss of data
          with
          [
              T=float
          ]
C:\Users\daser\source\repos\CerealEngine\Cereal-Engine\Movement.h(32,1): warning C4244: '-=': conversion from 'double' to 'T', possible loss of data
          with
          [
              T=float
          ]
C:\Users\daser\source\repos\CerealEngine\Cereal-Engine\Movement.h(36,1): warning C4244: '-=': conversion from 'double' to 'T', possible loss of data
          with
          [
              T=float
          ]
C:\Users\daser\source\repos\CerealEngine\Cereal-Engine\Movement.h(40,1): warning C4244: '+=': conversion from 'double' to 'T', possible loss of data
          with
          [
              T=float
          ]
C:\Users\daser\source\repos\CerealEngine\Cereal-Engine\Movement.h(45,1): warning C4244: '+=': conversion from 'double' to 'T', possible loss of data
          with
          [
              T=float
          ]
C:\Users\daser\source\repos\CerealEngine\Cereal-Engine\Movement.h(49,1): warning C4244: '-=': conversion from 'double' to 'T', possible loss of data
          with
          [
              T=float
          ]
  Mesh.cpp
C:\Users\daser\source\repos\CerealEngine\Cereal-Engine\Mesh.h(82,1): warning C4267: 'argument': conversion from 'size_t' to 'GLsizei', possible loss of data
  Movement.cpp
C:\Users\daser\source\repos\CerealEngine\Cereal-Engine\Movement.h(28,1): warning C4244: '+=': conversion from 'double' to 'T', possible loss of data
          with
          [
              T=float
          ]
C:\Users\daser\source\repos\CerealEngine\Cereal-Engine\Movement.h(32,1): warning C4244: '-=': conversion from 'double' to 'T', possible loss of data
          with
          [
              T=float
          ]
C:\Users\daser\source\repos\CerealEngine\Cereal-Engine\Movement.h(36,1): warning C4244: '-=': conversion from 'double' to 'T', possible loss of data
          with
          [
              T=float
          ]
C:\Users\daser\source\repos\CerealEngine\Cereal-Engine\Movement.h(40,1): warning C4244: '+=': conversion from 'double' to 'T', possible loss of data
          with
          [
              T=float
          ]
C:\Users\daser\source\repos\CerealEngine\Cereal-Engine\Movement.h(45,1): warning C4244: '+=': conversion from 'double' to 'T', possible loss of data
          with
          [
              T=float
          ]
C:\Users\daser\source\repos\CerealEngine\Cereal-Engine\Movement.h(49,1): warning C4244: '-=': conversion from 'double' to 'T', possible loss of data
          with
          [
              T=float
          ]
  Settings.cpp
  Shader.cpp
  Time.cpp
  Transform.cpp
  Generating Code...
  glad.c
  CerealEngine.vcxproj -> C:\Users\daser\source\repos\CerealEngine\Cereal-Engine\x64\Debug\CerealEngine.exe
